<?xml version="1.0" encoding="UTF-8"?>
<!-- Generated by org.testng.reporters.JUnitXMLReporter -->
<testsuite hostname="DESKTOP-NH0EPD3" ignored="0" name="Test" tests="11" failures="2" timestamp="15 Jun 2018 21:31:19 GMT" time="67.443" errors="0">
  <testcase name="firstTestCase" time="6.4" classname="TracksPageScripts.Linkedin_SignUp_PageScripts"/>
  <testcase name="secondTestCase" time="3.466" classname="TracksPageScripts.Linkedin_SignUp_PageScripts"/>
  <testcase name="thirdTestCase" time="3.246" classname="TracksPageScripts.Linkedin_SignUp_PageScripts">
    <skipped/>
  </testcase> <!-- thirdTestCase -->
  <testcase name="thirdTestCase" time="3.31" classname="TracksPageScripts.Linkedin_SignUp_PageScripts">
    <skipped/>
  </testcase> <!-- thirdTestCase -->
  <testcase name="thirdTestCase" time="3.269" classname="TracksPageScripts.Linkedin_SignUp_PageScripts">
    <skipped/>
  </testcase> <!-- thirdTestCase -->
  <testcase name="thirdTestCase" time="3.332" classname="TracksPageScripts.Linkedin_SignUp_PageScripts">
    <failure type="java.lang.AssertionError" message="The following asserts failed:
	expected [Please enter your email address] but found [Please enter your email address or mobile number]">
      <![CDATA[java.lang.AssertionError: The following asserts failed:
expected [Please enter your email address] but found [Please enter your email address or mobile number]
at TracksPageScripts.Linkedin_SignUp_PageScripts.thirdTestCase(Linkedin_SignUp_PageScripts.java:119)
... Removed 26 stack frames]]>
    </failure>
  </testcase> <!-- thirdTestCase -->
  <testcase name="fourthTestCase" time="3.218" classname="TracksPageScripts.Linkedin_SignUp_PageScripts"/>
  <testcase name="fifthTestCase" time="3.345" classname="TracksPageScripts.Linkedin_SignUp_PageScripts">
    <skipped/>
  </testcase> <!-- fifthTestCase -->
  <testcase name="fifthTestCase" time="3.493" classname="TracksPageScripts.Linkedin_SignUp_PageScripts">
    <skipped/>
  </testcase> <!-- fifthTestCase -->
  <testcase name="fifthTestCase" time="3.325" classname="TracksPageScripts.Linkedin_SignUp_PageScripts">
    <skipped/>
  </testcase> <!-- fifthTestCase -->
  <testcase name="fifthTestCase" time="3.142" classname="TracksPageScripts.Linkedin_SignUp_PageScripts">
    <failure type="java.lang.AssertionError" message="The following asserts failed:
	expected [Please enter a valid email address] but found [Please enter a valid email address or mobile number]">
      <![CDATA[java.lang.AssertionError: The following asserts failed:
expected [Please enter a valid email address] but found [Please enter a valid email address or mobile number]
at TracksPageScripts.Linkedin_SignUp_PageScripts.fifthTestCase(Linkedin_SignUp_PageScripts.java:169)
... Removed 26 stack frames]]>
    </failure>
  </testcase> <!-- fifthTestCase -->
</testsuite> <!-- Test -->
